mode: set
jwks-server/db.go:24.32,26.16 2 1
jwks-server/db.go:26.16,28.3 1 0
jwks-server/db.go:29.2,29.34 1 1
jwks-server/db.go:29.34,32.3 2 0
jwks-server/db.go:33.2,33.16 1 1
jwks-server/db.go:36.35,44.2 2 1
jwks-server/db.go:47.54,49.79 2 1
jwks-server/db.go:49.79,51.3 1 0
jwks-server/db.go:52.2,52.15 1 1
jwks-server/db.go:52.15,54.3 1 1
jwks-server/db.go:57.2,57.68 1 1
jwks-server/db.go:57.68,59.3 1 0
jwks-server/db.go:61.2,61.51 1 1
jwks-server/db.go:64.45,66.16 2 1
jwks-server/db.go:66.16,68.3 1 0
jwks-server/db.go:70.2,76.12 3 1
jwks-server/db.go:79.66,87.57 3 1
jwks-server/db.go:87.57,89.3 1 1
jwks-server/db.go:90.2,90.15 1 1
jwks-server/db.go:93.68,101.57 3 1
jwks-server/db.go:101.57,103.3 1 0
jwks-server/db.go:104.2,104.15 1 1
jwks-server/db.go:107.69,112.16 2 1
jwks-server/db.go:112.16,114.3 1 1
jwks-server/db.go:115.2,118.18 3 1
jwks-server/db.go:118.18,120.59 2 1
jwks-server/db.go:120.59,122.4 1 0
jwks-server/db.go:123.3,123.23 1 1
jwks-server/db.go:125.2,125.24 1 1
jwks-server/db.go:128.74,130.18 2 1
jwks-server/db.go:130.18,132.3 1 1
jwks-server/db.go:133.2,133.37 1 1
jwks-server/db.go:133.37,135.3 1 0
jwks-server/db.go:136.2,136.47 1 1
jwks-server/jwks.go:22.39,24.2 1 1
jwks-server/jwks.go:26.55,36.2 2 1
jwks-server/jwt.go:10.102,22.2 4 1
jwks-server/main.go:11.64,13.16 2 1
jwks-server/main.go:13.16,15.3 1 0
jwks-server/main.go:17.2,17.39 1 1
jwks-server/main.go:17.39,20.3 2 0
jwks-server/main.go:22.2,22.48 1 1
jwks-server/main.go:22.48,25.3 2 0
jwks-server/main.go:27.2,29.20 2 1
jwks-server/main.go:29.20,31.3 1 1
jwks-server/main.go:33.2,33.33 1 1
jwks-server/main.go:36.13,38.16 2 0
jwks-server/main.go:38.16,40.3 1 0
jwks-server/main.go:41.2,44.44 3 0
jwks-server/server.go:16.36,21.2 1 1
jwks-server/server.go:23.40,28.2 4 1
jwks-server/server.go:30.69,31.32 1 1
jwks-server/server.go:31.32,34.3 2 1
jwks-server/server.go:36.2,38.16 3 1
jwks-server/server.go:38.16,41.3 2 1
jwks-server/server.go:43.2,44.27 2 1
jwks-server/server.go:44.27,46.17 2 1
jwks-server/server.go:46.17,49.4 2 0
jwks-server/server.go:50.3,51.71 2 1
jwks-server/server.go:54.2,55.37 2 1
jwks-server/server.go:58.69,59.33 1 1
jwks-server/server.go:59.33,62.3 2 1
jwks-server/server.go:64.2,72.18 6 1
jwks-server/server.go:72.18,74.3 1 1
jwks-server/server.go:74.8,76.3 1 1
jwks-server/server.go:77.2,77.16 1 1
jwks-server/server.go:77.16,80.3 2 1
jwks-server/server.go:82.2,83.16 2 1
jwks-server/server.go:83.16,86.3 2 0
jwks-server/server.go:88.2,92.16 3 1
jwks-server/server.go:92.16,95.3 2 0
jwks-server/server.go:97.2,98.66 2 1
